app/build/intermediates/manifest_merge_blame_file/debug/manifest-merger-blame-debug-report.txt
1<?xml version="1.0" encoding="utf-8"?>
2<manifest xmlns:android="http://schemas.android.com/apk/res/android"
3    package="com.example.batikku"
4    android:versionCode="1"
5    android:versionName="1.0" >
6
7    <uses-sdk
8        android:minSdkVersion="24"
9        android:targetSdkVersion="34" />
10
11    <uses-permission android:name="android.permission.INTERNET" />
11-->src\main\AndroidManifest.xml:6:1-62
11-->src\main\AndroidManifest.xml:6:18-60
12    <uses-permission android:name="android.permission.ACCESS_NETWORK_STATE" />
12-->[com.google.firebase:firebase-auth:23.0.0] AndroidManifest.xml:26:5-79
12-->[com.google.firebase:firebase-auth:23.0.0] AndroidManifest.xml:26:22-76
13    <uses-permission android:name="com.google.android.providers.gsf.permission.READ_GSERVICES" />
13-->[com.google.android.recaptcha:recaptcha:18.4.0] AndroidManifest.xml:9:5-98
13-->[com.google.android.recaptcha:recaptcha:18.4.0] AndroidManifest.xml:9:22-95
14
15    <permission
15-->[androidx.core:core:1.13.1] AndroidManifest.xml:22:5-24:47
16        android:name="com.example.batikku.DYNAMIC_RECEIVER_NOT_EXPORTED_PERMISSION"
16-->[androidx.core:core:1.13.1] AndroidManifest.xml:23:9-81
17        android:protectionLevel="signature" />
17-->[androidx.core:core:1.13.1] AndroidManifest.xml:24:9-44
18
19    <uses-permission android:name="com.example.batikku.DYNAMIC_RECEIVER_NOT_EXPORTED_PERMISSION" />
19-->[androidx.core:core:1.13.1] AndroidManifest.xml:26:5-97
19-->[androidx.core:core:1.13.1] AndroidManifest.xml:26:22-94
20
21    <application
21-->src\main\AndroidManifest.xml:7:5-43:19
22        android:allowBackup="true"
22-->src\main\AndroidManifest.xml:8:9-35
23        android:appComponentFactory="androidx.core.app.CoreComponentFactory"
23-->[androidx.core:core:1.13.1] AndroidManifest.xml:28:18-86
24        android:dataExtractionRules="@xml/data_extraction_rules"
24-->src\main\AndroidManifest.xml:9:9-65
25        android:debuggable="true"
26        android:extractNativeLibs="false"
27        android:fullBackupContent="@xml/backup_rules"
27-->src\main\AndroidManifest.xml:10:9-54
28        android:icon="@mipmap/ic_launcher"
28-->src\main\AndroidManifest.xml:11:9-43
29        android:label="@string/app_name"
29-->src\main\AndroidManifest.xml:12:9-41
30        android:roundIcon="@mipmap/ic_launcher_round"
30-->src\main\AndroidManifest.xml:13:9-54
31        android:supportsRtl="true"
31-->src\main\AndroidManifest.xml:14:9-35
32        android:testOnly="true"
33        android:theme="@style/Theme.Batikku" >
33-->src\main\AndroidManifest.xml:15:9-45
34        <activity
34-->src\main\AndroidManifest.xml:17:9-19:39
35            android:name="com.example.batikku.view.register.RegisterActivity"
35-->src\main\AndroidManifest.xml:18:13-59
36            android:exported="true" />
36-->src\main\AndroidManifest.xml:19:13-36
37        <activity
37-->src\main\AndroidManifest.xml:21:9-23:40
38            android:name="com.example.batikku.view.login.RegisterActivity"
38-->src\main\AndroidManifest.xml:22:13-56
39            android:exported="false" />
39-->src\main\AndroidManifest.xml:23:13-37
40        <activity
40-->src\main\AndroidManifest.xml:24:9-26:40
41            android:name="com.example.batikku.view.welcome.WelcomeActivity"
41-->src\main\AndroidManifest.xml:25:13-57
42            android:exported="false" />
42-->src\main\AndroidManifest.xml:26:13-37
43        <activity
43-->src\main\AndroidManifest.xml:27:9-29:39
44            android:name="com.example.batikku.view.login.LoginActivity"
44-->src\main\AndroidManifest.xml:28:13-53
45            android:exported="true" />
45-->src\main\AndroidManifest.xml:29:13-36
46        <activity
46-->src\main\AndroidManifest.xml:30:9-39:20
47            android:name="com.example.batikku.SplashActivity"
47-->src\main\AndroidManifest.xml:31:13-43
48            android:exported="true"
48-->src\main\AndroidManifest.xml:32:13-36
49            android:theme="@style/AppTheme.NoActionBar" >
49-->src\main\AndroidManifest.xml:33:13-56
50            <intent-filter>
50-->src\main\AndroidManifest.xml:34:13-38:29
51                <action android:name="android.intent.action.MAIN" />
51-->src\main\AndroidManifest.xml:35:17-69
51-->src\main\AndroidManifest.xml:35:25-66
52
53                <category android:name="android.intent.category.LAUNCHER" />
53-->src\main\AndroidManifest.xml:37:17-77
53-->src\main\AndroidManifest.xml:37:27-74
54            </intent-filter>
55        </activity>
56        <activity
56-->src\main\AndroidManifest.xml:40:9-42:39
57            android:name="com.example.batikku.view.main.MainActivity"
57-->src\main\AndroidManifest.xml:41:13-51
58            android:exported="true" />
58-->src\main\AndroidManifest.xml:42:13-36
59
60        <provider
60-->[androidx.emoji2:emoji2:1.2.0] AndroidManifest.xml:24:9-32:20
61            android:name="androidx.startup.InitializationProvider"
61-->[androidx.emoji2:emoji2:1.2.0] AndroidManifest.xml:25:13-67
62            android:authorities="com.example.batikku.androidx-startup"
62-->[androidx.emoji2:emoji2:1.2.0] AndroidManifest.xml:26:13-68
63            android:exported="false" >
63-->[androidx.emoji2:emoji2:1.2.0] AndroidManifest.xml:27:13-37
64            <meta-data
64-->[androidx.emoji2:emoji2:1.2.0] AndroidManifest.xml:29:13-31:52
65                android:name="androidx.emoji2.text.EmojiCompatInitializer"
65-->[androidx.emoji2:emoji2:1.2.0] AndroidManifest.xml:30:17-75
66                android:value="androidx.startup" />
66-->[androidx.emoji2:emoji2:1.2.0] AndroidManifest.xml:31:17-49
67            <meta-data
67-->[androidx.lifecycle:lifecycle-process:2.6.2] AndroidManifest.xml:29:13-31:52
68                android:name="androidx.lifecycle.ProcessLifecycleInitializer"
68-->[androidx.lifecycle:lifecycle-process:2.6.2] AndroidManifest.xml:30:17-78
69                android:value="androidx.startup" />
69-->[androidx.lifecycle:lifecycle-process:2.6.2] AndroidManifest.xml:31:17-49
70            <meta-data
70-->[androidx.profileinstaller:profileinstaller:1.3.0] AndroidManifest.xml:29:13-31:52
71                android:name="androidx.profileinstaller.ProfileInstallerInitializer"
71-->[androidx.profileinstaller:profileinstaller:1.3.0] AndroidManifest.xml:30:17-85
72                android:value="androidx.startup" />
72-->[androidx.profileinstaller:profileinstaller:1.3.0] AndroidManifest.xml:31:17-49
73        </provider>
74
75        <activity
75-->[com.google.firebase:firebase-auth:23.0.0] AndroidManifest.xml:29:9-46:20
76            android:name="com.google.firebase.auth.internal.GenericIdpActivity"
76-->[com.google.firebase:firebase-auth:23.0.0] AndroidManifest.xml:30:13-80
77            android:excludeFromRecents="true"
77-->[com.google.firebase:firebase-auth:23.0.0] AndroidManifest.xml:31:13-46
78            android:exported="true"
78-->[com.google.firebase:firebase-auth:23.0.0] AndroidManifest.xml:32:13-36
79            android:launchMode="singleTask"
79-->[com.google.firebase:firebase-auth:23.0.0] AndroidManifest.xml:33:13-44
80            android:theme="@android:style/Theme.Translucent.NoTitleBar" >
80-->[com.google.firebase:firebase-auth:23.0.0] AndroidManifest.xml:34:13-72
81            <intent-filter>
81-->[com.google.firebase:firebase-auth:23.0.0] AndroidManifest.xml:35:13-45:29
82                <action android:name="android.intent.action.VIEW" />
82-->[com.google.firebase:firebase-auth:23.0.0] AndroidManifest.xml:36:17-69
82-->[com.google.firebase:firebase-auth:23.0.0] AndroidManifest.xml:36:25-66
83
84                <category android:name="android.intent.category.DEFAULT" />
84-->[com.google.firebase:firebase-auth:23.0.0] AndroidManifest.xml:38:17-76
84-->[com.google.firebase:firebase-auth:23.0.0] AndroidManifest.xml:38:27-73
85                <category android:name="android.intent.category.BROWSABLE" />
85-->[com.google.firebase:firebase-auth:23.0.0] AndroidManifest.xml:39:17-78
85-->[com.google.firebase:firebase-auth:23.0.0] AndroidManifest.xml:39:27-75
86
87                <data
87-->[com.google.firebase:firebase-auth:23.0.0] AndroidManifest.xml:41:17-44:51
88                    android:host="firebase.auth"
88-->[com.google.firebase:firebase-auth:23.0.0] AndroidManifest.xml:42:21-49
89                    android:path="/"
89-->[com.google.firebase:firebase-auth:23.0.0] AndroidManifest.xml:43:21-37
90                    android:scheme="genericidp" />
90-->[com.google.firebase:firebase-auth:23.0.0] AndroidManifest.xml:44:21-48
91            </intent-filter>
92        </activity>
93        <activity
93-->[com.google.firebase:firebase-auth:23.0.0] AndroidManifest.xml:47:9-64:20
94            android:name="com.google.firebase.auth.internal.RecaptchaActivity"
94-->[com.google.firebase:firebase-auth:23.0.0] AndroidManifest.xml:48:13-79
95            android:excludeFromRecents="true"
95-->[com.google.firebase:firebase-auth:23.0.0] AndroidManifest.xml:49:13-46
96            android:exported="true"
96-->[com.google.firebase:firebase-auth:23.0.0] AndroidManifest.xml:50:13-36
97            android:launchMode="singleTask"
97-->[com.google.firebase:firebase-auth:23.0.0] AndroidManifest.xml:51:13-44
98            android:theme="@android:style/Theme.Translucent.NoTitleBar" >
98-->[com.google.firebase:firebase-auth:23.0.0] AndroidManifest.xml:52:13-72
99            <intent-filter>
99-->[com.google.firebase:firebase-auth:23.0.0] AndroidManifest.xml:53:13-63:29
100                <action android:name="android.intent.action.VIEW" />
100-->[com.google.firebase:firebase-auth:23.0.0] AndroidManifest.xml:36:17-69
100-->[com.google.firebase:firebase-auth:23.0.0] AndroidManifest.xml:36:25-66
101
102                <category android:name="android.intent.category.DEFAULT" />
102-->[com.google.firebase:firebase-auth:23.0.0] AndroidManifest.xml:38:17-76
102-->[com.google.firebase:firebase-auth:23.0.0] AndroidManifest.xml:38:27-73
103                <category android:name="android.intent.category.BROWSABLE" />
103-->[com.google.firebase:firebase-auth:23.0.0] AndroidManifest.xml:39:17-78
103-->[com.google.firebase:firebase-auth:23.0.0] AndroidManifest.xml:39:27-75
104
105                <data
105-->[com.google.firebase:firebase-auth:23.0.0] AndroidManifest.xml:41:17-44:51
106                    android:host="firebase.auth"
106-->[com.google.firebase:firebase-auth:23.0.0] AndroidManifest.xml:42:21-49
107                    android:path="/"
107-->[com.google.firebase:firebase-auth:23.0.0] AndroidManifest.xml:43:21-37
108                    android:scheme="recaptcha" />
108-->[com.google.firebase:firebase-auth:23.0.0] AndroidManifest.xml:44:21-48
109            </intent-filter>
110        </activity>
111
112        <service
112-->[com.google.firebase:firebase-auth:23.0.0] AndroidManifest.xml:66:9-72:19
113            android:name="com.google.firebase.components.ComponentDiscoveryService"
113-->[com.google.firebase:firebase-auth:23.0.0] AndroidManifest.xml:67:13-84
114            android:directBootAware="true"
114-->[com.google.firebase:firebase-common:21.0.0] AndroidManifest.xml:32:13-43
115            android:exported="false" >
115-->[com.google.firebase:firebase-auth:23.0.0] AndroidManifest.xml:68:13-37
116            <meta-data
116-->[com.google.firebase:firebase-auth:23.0.0] AndroidManifest.xml:69:13-71:85
117                android:name="com.google.firebase.components:com.google.firebase.auth.FirebaseAuthRegistrar"
117-->[com.google.firebase:firebase-auth:23.0.0] AndroidManifest.xml:70:17-109
118                android:value="com.google.firebase.components.ComponentRegistrar" />
118-->[com.google.firebase:firebase-auth:23.0.0] AndroidManifest.xml:71:17-82
119            <meta-data
119-->[com.google.firebase:firebase-common-ktx:21.0.0] AndroidManifest.xml:12:13-14:85
120                android:name="com.google.firebase.components:com.google.firebase.ktx.FirebaseCommonLegacyRegistrar"
120-->[com.google.firebase:firebase-common-ktx:21.0.0] AndroidManifest.xml:13:17-116
121                android:value="com.google.firebase.components.ComponentRegistrar" />
121-->[com.google.firebase:firebase-common-ktx:21.0.0] AndroidManifest.xml:14:17-82
122            <meta-data
122-->[com.google.firebase:firebase-common:21.0.0] AndroidManifest.xml:35:13-37:85
123                android:name="com.google.firebase.components:com.google.firebase.FirebaseCommonKtxRegistrar"
123-->[com.google.firebase:firebase-common:21.0.0] AndroidManifest.xml:36:17-109
124                android:value="com.google.firebase.components.ComponentRegistrar" />
124-->[com.google.firebase:firebase-common:21.0.0] AndroidManifest.xml:37:17-82
125        </service>
126        <service
126-->[androidx.credentials:credentials-play-services-auth:1.2.0-rc01] AndroidManifest.xml:24:9-32:19
127            android:name="androidx.credentials.playservices.CredentialProviderMetadataHolder"
127-->[androidx.credentials:credentials-play-services-auth:1.2.0-rc01] AndroidManifest.xml:25:13-94
128            android:enabled="true"
128-->[androidx.credentials:credentials-play-services-auth:1.2.0-rc01] AndroidManifest.xml:26:13-35
129            android:exported="false" >
129-->[androidx.credentials:credentials-play-services-auth:1.2.0-rc01] AndroidManifest.xml:27:13-37
130            <meta-data
130-->[androidx.credentials:credentials-play-services-auth:1.2.0-rc01] AndroidManifest.xml:29:13-31:104
131                android:name="androidx.credentials.CREDENTIAL_PROVIDER_KEY"
131-->[androidx.credentials:credentials-play-services-auth:1.2.0-rc01] AndroidManifest.xml:30:17-76
132                android:value="androidx.credentials.playservices.CredentialProviderPlayServicesImpl" />
132-->[androidx.credentials:credentials-play-services-auth:1.2.0-rc01] AndroidManifest.xml:31:17-101
133        </service>
134
135        <activity
135-->[androidx.credentials:credentials-play-services-auth:1.2.0-rc01] AndroidManifest.xml:34:9-41:20
136            android:name="androidx.credentials.playservices.HiddenActivity"
136-->[androidx.credentials:credentials-play-services-auth:1.2.0-rc01] AndroidManifest.xml:35:13-76
137            android:configChanges="orientation|screenSize|screenLayout|keyboardHidden"
137-->[androidx.credentials:credentials-play-services-auth:1.2.0-rc01] AndroidManifest.xml:36:13-87
138            android:enabled="true"
138-->[androidx.credentials:credentials-play-services-auth:1.2.0-rc01] AndroidManifest.xml:37:13-35
139            android:exported="false"
139-->[androidx.credentials:credentials-play-services-auth:1.2.0-rc01] AndroidManifest.xml:38:13-37
140            android:fitsSystemWindows="true"
140-->[androidx.credentials:credentials-play-services-auth:1.2.0-rc01] AndroidManifest.xml:39:13-45
141            android:theme="@style/Theme.Hidden" >
141-->[androidx.credentials:credentials-play-services-auth:1.2.0-rc01] AndroidManifest.xml:40:13-48
142        </activity>
143        <activity
143-->[com.google.android.gms:play-services-auth:20.7.0] AndroidManifest.xml:23:9-27:75
144            android:name="com.google.android.gms.auth.api.signin.internal.SignInHubActivity"
144-->[com.google.android.gms:play-services-auth:20.7.0] AndroidManifest.xml:24:13-93
145            android:excludeFromRecents="true"
145-->[com.google.android.gms:play-services-auth:20.7.0] AndroidManifest.xml:25:13-46
146            android:exported="false"
146-->[com.google.android.gms:play-services-auth:20.7.0] AndroidManifest.xml:26:13-37
147            android:theme="@android:style/Theme.Translucent.NoTitleBar" />
147-->[com.google.android.gms:play-services-auth:20.7.0] AndroidManifest.xml:27:13-72
148        <!--
149            Service handling Google Sign-In user revocation. For apps that do not integrate with
150            Google Sign-In, this service will never be started.
151        -->
152        <service
152-->[com.google.android.gms:play-services-auth:20.7.0] AndroidManifest.xml:33:9-37:51
153            android:name="com.google.android.gms.auth.api.signin.RevocationBoundService"
153-->[com.google.android.gms:play-services-auth:20.7.0] AndroidManifest.xml:34:13-89
154            android:exported="true"
154-->[com.google.android.gms:play-services-auth:20.7.0] AndroidManifest.xml:35:13-36
155            android:permission="com.google.android.gms.auth.api.signin.permission.REVOCATION_NOTIFICATION"
155-->[com.google.android.gms:play-services-auth:20.7.0] AndroidManifest.xml:36:13-107
156            android:visibleToInstantApps="true" />
156-->[com.google.android.gms:play-services-auth:20.7.0] AndroidManifest.xml:37:13-48
157
158        <provider
158-->[com.google.firebase:firebase-common:21.0.0] AndroidManifest.xml:23:9-28:39
159            android:name="com.google.firebase.provider.FirebaseInitProvider"
159-->[com.google.firebase:firebase-common:21.0.0] AndroidManifest.xml:24:13-77
160            android:authorities="com.example.batikku.firebaseinitprovider"
160-->[com.google.firebase:firebase-common:21.0.0] AndroidManifest.xml:25:13-72
161            android:directBootAware="true"
161-->[com.google.firebase:firebase-common:21.0.0] AndroidManifest.xml:26:13-43
162            android:exported="false"
162-->[com.google.firebase:firebase-common:21.0.0] AndroidManifest.xml:27:13-37
163            android:initOrder="100" />
163-->[com.google.firebase:firebase-common:21.0.0] AndroidManifest.xml:28:13-36
164
165        <activity
165-->[com.google.android.gms:play-services-base:18.0.1] AndroidManifest.xml:20:9-22:45
166            android:name="com.google.android.gms.common.api.GoogleApiActivity"
166-->[com.google.android.gms:play-services-base:18.0.1] AndroidManifest.xml:20:19-85
167            android:exported="false"
167-->[com.google.android.gms:play-services-base:18.0.1] AndroidManifest.xml:22:19-43
168            android:theme="@android:style/Theme.Translucent.NoTitleBar" />
168-->[com.google.android.gms:play-services-base:18.0.1] AndroidManifest.xml:21:19-78
169
170        <meta-data
170-->[com.google.android.gms:play-services-basement:18.3.0] AndroidManifest.xml:21:9-23:69
171            android:name="com.google.android.gms.version"
171-->[com.google.android.gms:play-services-basement:18.3.0] AndroidManifest.xml:22:13-58
172            android:value="@integer/google_play_services_version" />
172-->[com.google.android.gms:play-services-basement:18.3.0] AndroidManifest.xml:23:13-66
173
174        <receiver
174-->[androidx.profileinstaller:profileinstaller:1.3.0] AndroidManifest.xml:34:9-52:20
175            android:name="androidx.profileinstaller.ProfileInstallReceiver"
175-->[androidx.profileinstaller:profileinstaller:1.3.0] AndroidManifest.xml:35:13-76
176            android:directBootAware="false"
176-->[androidx.profileinstaller:profileinstaller:1.3.0] AndroidManifest.xml:36:13-44
177            android:enabled="true"
177-->[androidx.profileinstaller:profileinstaller:1.3.0] AndroidManifest.xml:37:13-35
178            android:exported="true"
178-->[androidx.profileinstaller:profileinstaller:1.3.0] AndroidManifest.xml:38:13-36
179            android:permission="android.permission.DUMP" >
179-->[androidx.profileinstaller:profileinstaller:1.3.0] AndroidManifest.xml:39:13-57
180            <intent-filter>
180-->[androidx.profileinstaller:profileinstaller:1.3.0] AndroidManifest.xml:40:13-42:29
181                <action android:name="androidx.profileinstaller.action.INSTALL_PROFILE" />
181-->[androidx.profileinstaller:profileinstaller:1.3.0] AndroidManifest.xml:41:17-91
181-->[androidx.profileinstaller:profileinstaller:1.3.0] AndroidManifest.xml:41:25-88
182            </intent-filter>
183            <intent-filter>
183-->[androidx.profileinstaller:profileinstaller:1.3.0] AndroidManifest.xml:43:13-45:29
184                <action android:name="androidx.profileinstaller.action.SKIP_FILE" />
184-->[androidx.profileinstaller:profileinstaller:1.3.0] AndroidManifest.xml:44:17-85
184-->[androidx.profileinstaller:profileinstaller:1.3.0] AndroidManifest.xml:44:25-82
185            </intent-filter>
186            <intent-filter>
186-->[androidx.profileinstaller:profileinstaller:1.3.0] AndroidManifest.xml:46:13-48:29
187                <action android:name="androidx.profileinstaller.action.SAVE_PROFILE" />
187-->[androidx.profileinstaller:profileinstaller:1.3.0] AndroidManifest.xml:47:17-88
187-->[androidx.profileinstaller:profileinstaller:1.3.0] AndroidManifest.xml:47:25-85
188            </intent-filter>
189            <intent-filter>
189-->[androidx.profileinstaller:profileinstaller:1.3.0] AndroidManifest.xml:49:13-51:29
190                <action android:name="androidx.profileinstaller.action.BENCHMARK_OPERATION" />
190-->[androidx.profileinstaller:profileinstaller:1.3.0] AndroidManifest.xml:50:17-95
190-->[androidx.profileinstaller:profileinstaller:1.3.0] AndroidManifest.xml:50:25-92
191            </intent-filter>
192        </receiver>
193    </application>
194
195</manifest>